<?xml version="1.0" encoding="UTF-8"?>
<!-- Generated by org.testng.reporters.JUnitXMLReporter -->
<testsuite ignored="0" hostname="DESKTOP-DEPQ5QO" failures="0" tests="8" name="Selenium Test Project" time="82.29" errors="0" timestamp="2023-10-19T16:20:44 IST">
  <testcase classname="org.example.ExampleClass" name="Test1" time="0.003"/>
  <testcase classname="org.example.ExampleClass" name="test2" time="0.002"/>
  <testcase classname="org.example.ExampleClass" name="test3" time="0.005"/>
  <testcase classname="org.example.FundTransferTestcases" name="transferFund" time="0.001"/>
  <testcase classname="org.example.SeleniumTest" name="RegisterAccoun3" time="23.414"/>
  <testcase classname="org.example.SeleniumTest" name="RegisterAccoun4" time="4.995"/>
  <testcase classname="org.example.SeleniumTest" name="RegisterAccount" time="4.493"/>
  <testcase classname="org.example.SeleniumTest" name="RegisterAccount2" time="4.944"/>
</testsuite> <!-- Selenium Test Project -->
